E:\WeiXin\WeiXinView\node_modules\uri-js\dist\esnext\util.js
E:\WeiXin\WeiXinView\node_modules\uri-js\dist\esnext\util.js.map
E:\WeiXin\WeiXinView\node_modules\uri-js\dist\esnext\util.d.ts
E:\WeiXin\WeiXinView\node_modules\uri-js\dist\esnext\regexps-uri.js
E:\WeiXin\WeiXinView\node_modules\uri-js\dist\esnext\regexps-uri.js.map
E:\WeiXin\WeiXinView\node_modules\uri-js\dist\esnext\regexps-uri.d.ts
E:\WeiXin\WeiXinView\node_modules\uri-js\dist\esnext\regexps-iri.js
E:\WeiXin\WeiXinView\node_modules\uri-js\dist\esnext\regexps-iri.js.map
E:\WeiXin\WeiXinView\node_modules\uri-js\dist\esnext\regexps-iri.d.ts
E:\WeiXin\WeiXinView\node_modules\uri-js\dist\esnext\uri.js
E:\WeiXin\WeiXinView\node_modules\uri-js\dist\esnext\uri.js.map
E:\WeiXin\WeiXinView\node_modules\uri-js\dist\esnext\uri.d.ts
E:\WeiXin\WeiXinView\node_modules\uri-js\dist\esnext\schemes\http.js
E:\WeiXin\WeiXinView\node_modules\uri-js\dist\esnext\schemes\http.js.map
E:\WeiXin\WeiXinView\node_modules\uri-js\dist\esnext\schemes\http.d.ts
E:\WeiXin\WeiXinView\node_modules\uri-js\dist\esnext\schemes\https.js
E:\WeiXin\WeiXinView\node_modules\uri-js\dist\esnext\schemes\https.js.map
E:\WeiXin\WeiXinView\node_modules\uri-js\dist\esnext\schemes\https.d.ts
E:\WeiXin\WeiXinView\node_modules\uri-js\dist\esnext\schemes\mailto.js
E:\WeiXin\WeiXinView\node_modules\uri-js\dist\esnext\schemes\mailto.js.map
E:\WeiXin\WeiXinView\node_modules\uri-js\dist\esnext\schemes\mailto.d.ts
E:\WeiXin\WeiXinView\node_modules\uri-js\dist\esnext\schemes\urn.js
E:\WeiXin\WeiXinView\node_modules\uri-js\dist\esnext\schemes\urn.js.map
E:\WeiXin\WeiXinView\node_modules\uri-js\dist\esnext\schemes\urn.d.ts
E:\WeiXin\WeiXinView\node_modules\uri-js\dist\esnext\schemes\urn-uuid.js
E:\WeiXin\WeiXinView\node_modules\uri-js\dist\esnext\schemes\urn-uuid.js.map
E:\WeiXin\WeiXinView\node_modules\uri-js\dist\esnext\schemes\urn-uuid.d.ts
E:\WeiXin\WeiXinView\node_modules\uri-js\dist\esnext\index.js
E:\WeiXin\WeiXinView\node_modules\uri-js\dist\esnext\index.js.map
E:\WeiXin\WeiXinView\node_modules\uri-js\dist\esnext\index.d.ts
